<?xml version="1.0" encoding="UTF-8"?>
<!-- Generated by org.testng.reporters.JUnitReportReporter -->
<testsuite skipped="0" hostname="LAPTOP-7426K34G" name="meliahotels.meliahotels.TestLogin" tests="4" failures="0" timestamp="24 jun 2018 17:43:44 GMT" time="132.468" errors="0">
  <testcase name="test_Login" time="37.348" classname="meliahotels.meliahotels.TestLogin"/>
  <testcase name="test_Login" time="29.581" classname="meliahotels.meliahotels.TestLogin"/>
  <testcase name="test_Login" time="37.819" classname="meliahotels.meliahotels.TestLogin"/>
  <testcase name="test_Login" time="27.720" classname="meliahotels.meliahotels.TestLogin"/>
</testsuite> <!-- meliahotels.meliahotels.TestLogin -->
